2024-10-01T09:28:11.440+0300 [DEBUG] [org.gradle.launcher.daemon.bootstrap.DaemonMain] Assuming the daemon was started with following jvm opts: [--add-opens, java.base/java.util=ALL-UNNAMED, --add-opens, java.base/java.lang=ALL-UNNAMED, --add-opens, java.base/java.lang.invoke=ALL-UNNAMED, --add-opens, java.base/java.util=ALL-UNNAMED, --add-opens, java.prefs/java.util.prefs=ALL-UNNAMED, --add-opens, java.prefs/java.util.prefs=ALL-UNNAMED, --add-opens, java.base/java.nio.charset=ALL-UNNAMED, --add-opens, java.base/java.net=ALL-UNNAMED, --add-opens, java.base/java.util.concurrent.atomic=ALL-UNNAMED, -XX:MaxMetaspaceSize=256m, -XX:+HeapDumpOnOutOfMemoryError, -Xms256m, -Xmx512m, -Dfile.encoding=UTF-8, -Duser.country=EG, -Duser.language=en, -Duser.variant]
2024-10-01T09:28:11.597+0300 [INFO] [org.gradle.launcher.daemon.server.Daemon] start() called on daemon - DefaultDaemonContext[uid=7de155d0-7e19-4d89-aacd-0461f74d74e5,javaHome=/Applications/Android Studio.app/Contents/jbr/Contents/Home,daemonRegistryDir=/Users/fareagle/My Staff/Fiverr/567/flutter_godot_widget-main-1/daemon,pid=3854,idleTimeout=10800000,priority=NORMAL,daemonOpts=--add-opens,java.base/java.util=ALL-UNNAMED,--add-opens,java.base/java.lang=ALL-UNNAMED,--add-opens,java.base/java.lang.invoke=ALL-UNNAMED,--add-opens,java.base/java.util=ALL-UNNAMED,--add-opens,java.prefs/java.util.prefs=ALL-UNNAMED,--add-opens,java.prefs/java.util.prefs=ALL-UNNAMED,--add-opens,java.base/java.nio.charset=ALL-UNNAMED,--add-opens,java.base/java.net=ALL-UNNAMED,--add-opens,java.base/java.util.concurrent.atomic=ALL-UNNAMED,-XX:MaxMetaspaceSize=256m,-XX:+HeapDumpOnOutOfMemoryError,-Xms256m,-Xmx512m,-Dfile.encoding=UTF-8,-Duser.country=EG,-Duser.language=en,-Duser.variant]
2024-10-01T09:28:11.635+0300 [DEBUG] [org.gradle.internal.remote.internal.inet.InetAddresses] Adding IP addresses for network interface utun2
2024-10-01T09:28:11.635+0300 [DEBUG] [org.gradle.internal.remote.internal.inet.InetAddresses] Is this a loopback interface? false
2024-10-01T09:28:11.635+0300 [DEBUG] [org.gradle.internal.remote.internal.inet.InetAddresses] Adding remote address /fe80:0:0:0:ce81:b1c:bd2c:69e%utun2
2024-10-01T09:28:11.636+0300 [DEBUG] [org.gradle.internal.remote.internal.inet.InetAddresses] Adding IP addresses for network interface utun1
2024-10-01T09:28:11.636+0300 [DEBUG] [org.gradle.internal.remote.internal.inet.InetAddresses] Is this a loopback interface? false
2024-10-01T09:28:11.637+0300 [DEBUG] [org.gradle.internal.remote.internal.inet.InetAddresses] Adding remote address /fe80:0:0:0:18c7:c476:b358:3249%utun1
2024-10-01T09:28:11.637+0300 [DEBUG] [org.gradle.internal.remote.internal.inet.InetAddresses] Adding IP addresses for network interface utun0
2024-10-01T09:28:11.637+0300 [DEBUG] [org.gradle.internal.remote.internal.inet.InetAddresses] Is this a loopback interface? false
2024-10-01T09:28:11.637+0300 [DEBUG] [org.gradle.internal.remote.internal.inet.InetAddresses] Adding remote address /fe80:0:0:0:fe93:4afd:bf85:640e%utun0
2024-10-01T09:28:11.638+0300 [DEBUG] [org.gradle.internal.remote.internal.inet.InetAddresses] Adding IP addresses for network interface llw0
2024-10-01T09:28:11.638+0300 [DEBUG] [org.gradle.internal.remote.internal.inet.InetAddresses] Is this a loopback interface? false
2024-10-01T09:28:11.639+0300 [DEBUG] [org.gradle.internal.remote.internal.inet.InetAddresses] Adding remote address /fe80:0:0:0:7852:6cff:fef7:660f%llw0
2024-10-01T09:28:11.639+0300 [DEBUG] [org.gradle.internal.remote.internal.inet.InetAddresses] Adding IP addresses for network interface awdl0
2024-10-01T09:28:11.639+0300 [DEBUG] [org.gradle.internal.remote.internal.inet.InetAddresses] Is this a loopback interface? false
2024-10-01T09:28:11.639+0300 [DEBUG] [org.gradle.internal.remote.internal.inet.InetAddresses] Adding remote address /fe80:0:0:0:7852:6cff:fef7:660f%awdl0
2024-10-01T09:28:11.640+0300 [DEBUG] [org.gradle.internal.remote.internal.inet.InetAddresses] Adding IP addresses for network interface bridge0
2024-10-01T09:28:11.640+0300 [DEBUG] [org.gradle.internal.remote.internal.inet.InetAddresses] Is this a loopback interface? false
2024-10-01T09:28:11.640+0300 [DEBUG] [org.gradle.internal.remote.internal.inet.InetAddresses] Adding remote address /fe80:0:0:0:8017:4ff:fea1:b900%bridge0
2024-10-01T09:28:11.640+0300 [DEBUG] [org.gradle.internal.remote.internal.inet.InetAddresses] Adding remote address /192.168.2.1
2024-10-01T09:28:11.640+0300 [DEBUG] [org.gradle.internal.remote.internal.inet.InetAddresses] Adding IP addresses for network interface en0
2024-10-01T09:28:11.641+0300 [DEBUG] [org.gradle.internal.remote.internal.inet.InetAddresses] Is this a loopback interface? false
2024-10-01T09:28:11.641+0300 [DEBUG] [org.gradle.internal.remote.internal.inet.InetAddresses] Adding remote address /fe80:0:0:0:1c7a:3fe9:3039:8b63%en0
2024-10-01T09:28:11.641+0300 [DEBUG] [org.gradle.internal.remote.internal.inet.InetAddresses] Adding remote address /192.168.202.169
2024-10-01T09:28:11.641+0300 [DEBUG] [org.gradle.internal.remote.internal.inet.InetAddresses] Adding IP addresses for network interface lo0
2024-10-01T09:28:11.641+0300 [DEBUG] [org.gradle.internal.remote.internal.inet.InetAddresses] Is this a loopback interface? true
2024-10-01T09:28:11.642+0300 [DEBUG] [org.gradle.internal.remote.internal.inet.InetAddresses] Ignoring remote address on loopback interface /fe80:0:0:0:0:0:0:1%lo0
2024-10-01T09:28:11.642+0300 [DEBUG] [org.gradle.internal.remote.internal.inet.InetAddresses] Adding loopback address /0:0:0:0:0:0:0:1%lo0
2024-10-01T09:28:11.642+0300 [DEBUG] [org.gradle.internal.remote.internal.inet.InetAddresses] Adding loopback address /127.0.0.1
2024-10-01T09:28:11.645+0300 [DEBUG] [org.gradle.internal.remote.internal.inet.TcpIncomingConnector] Listening on [8e771639-36d8-4979-8bee-a586182f69d9 port:51317, addresses:[localhost/127.0.0.1]].
2024-10-01T09:28:11.661+0300 [DEBUG] [org.gradle.launcher.daemon.server.Daemon] Daemon starting at: Tue Oct 01 09:28:11 EEST 2024, with address: [8e771639-36d8-4979-8bee-a586182f69d9 port:51317, addresses:[localhost/127.0.0.1]]
2024-10-01T09:28:11.661+0300 [INFO] [org.gradle.launcher.daemon.server.DaemonRegistryUpdater] Advertising the daemon address to the clients: [8e771639-36d8-4979-8bee-a586182f69d9 port:51317, addresses:[localhost/127.0.0.1]]
2024-10-01T09:28:11.661+0300 [DEBUG] [org.gradle.launcher.daemon.server.DaemonRegistryUpdater] Advertised daemon context: DefaultDaemonContext[uid=7de155d0-7e19-4d89-aacd-0461f74d74e5,javaHome=/Applications/Android Studio.app/Contents/jbr/Contents/Home,daemonRegistryDir=/Users/fareagle/My Staff/Fiverr/567/flutter_godot_widget-main-1/daemon,pid=3854,idleTimeout=10800000,priority=NORMAL,daemonOpts=--add-opens,java.base/java.util=ALL-UNNAMED,--add-opens,java.base/java.lang=ALL-UNNAMED,--add-opens,java.base/java.lang.invoke=ALL-UNNAMED,--add-opens,java.base/java.util=ALL-UNNAMED,--add-opens,java.prefs/java.util.prefs=ALL-UNNAMED,--add-opens,java.prefs/java.util.prefs=ALL-UNNAMED,--add-opens,java.base/java.nio.charset=ALL-UNNAMED,--add-opens,java.base/java.net=ALL-UNNAMED,--add-opens,java.base/java.util.concurrent.atomic=ALL-UNNAMED,-XX:MaxMetaspaceSize=256m,-XX:+HeapDumpOnOutOfMemoryError,-Xms256m,-Xmx512m,-Dfile.encoding=UTF-8,-Duser.country=EG,-Duser.language=en,-Duser.variant]
2024-10-01T09:28:11.662+0300 [DEBUG] [org.gradle.launcher.daemon.registry.PersistentDaemonRegistry] Storing daemon address: [8e771639-36d8-4979-8bee-a586182f69d9 port:51317, addresses:[localhost/127.0.0.1]], context: DefaultDaemonContext[uid=7de155d0-7e19-4d89-aacd-0461f74d74e5,javaHome=/Applications/Android Studio.app/Contents/jbr/Contents/Home,daemonRegistryDir=/Users/fareagle/My Staff/Fiverr/567/flutter_godot_widget-main-1/daemon,pid=3854,idleTimeout=10800000,priority=NORMAL,daemonOpts=--add-opens,java.base/java.util=ALL-UNNAMED,--add-opens,java.base/java.lang=ALL-UNNAMED,--add-opens,java.base/java.lang.invoke=ALL-UNNAMED,--add-opens,java.base/java.util=ALL-UNNAMED,--add-opens,java.prefs/java.util.prefs=ALL-UNNAMED,--add-opens,java.prefs/java.util.prefs=ALL-UNNAMED,--add-opens,java.base/java.nio.charset=ALL-UNNAMED,--add-opens,java.base/java.net=ALL-UNNAMED,--add-opens,java.base/java.util.concurrent.atomic=ALL-UNNAMED,-XX:MaxMetaspaceSize=256m,-XX:+HeapDumpOnOutOfMemoryError,-Xms256m,-Xmx512m,-Dfile.encoding=UTF-8,-Duser.country=EG,-Duser.language=en,-Duser.variant]
2024-10-01T09:28:11.675+0300 [DEBUG] [org.gradle.cache.internal.DefaultFileLockManager] Waiting to acquire exclusive lock on daemon addresses registry.
2024-10-01T09:28:11.678+0300 [DEBUG] [org.gradle.cache.internal.DefaultFileLockManager] Lock acquired on daemon addresses registry.
2024-10-01T09:28:11.684+0300 [DEBUG] [org.gradle.cache.internal.DefaultFileLockManager] Releasing lock on daemon addresses registry.
2024-10-01T09:28:11.685+0300 [LIFECYCLE] [org.gradle.launcher.daemon.server.Daemon] Daemon server started.
2024-10-01T09:28:11.686+0300 [DEBUG] [org.gradle.launcher.daemon.bootstrap.DaemonStartupCommunication] Completed writing the daemon greeting. Closing streams...
2024-10-01T09:28:11.691+0300 [DEBUG] [org.gradle.internal.remote.internal.inet.TcpIncomingConnector] Accepted connection from /127.0.0.1:51318 to /127.0.0.1:51317.
2024-10-01T09:28:11.691+0300 [DEBUG] [org.gradle.launcher.daemon.server.Daemon] stopOnExpiration() called on daemon
2024-10-01T09:28:11.692+0300 [DEBUG] [org.gradle.launcher.daemon.server.Daemon] awaitExpiration() called on daemon
2024-10-01T09:28:11.692+0300 [DEBUG] [org.gradle.launcher.daemon.server.DaemonStateCoordinator] daemon is running. Sleeping until state changes.
2024-10-01T09:28:11.717+0300 [DEBUG] [org.gradle.launcher.daemon.server.SynchronizedDispatchConnection] thread 21: received class org.gradle.launcher.daemon.protocol.Build
2024-10-01T09:28:11.718+0300 [DEBUG] [org.gradle.launcher.daemon.server.DefaultDaemonConnection] thread 21: Received non-IO message from client: Build{id=8a95816a-2bb1-4d99-b103-30bcf4b91797, currentDir=/Users/fareagle/My Staff/Fiverr/567/flutter_godot_widget-main-1/android}
2024-10-01T09:28:11.718+0300 [INFO] [org.gradle.launcher.daemon.server.DefaultIncomingConnectionHandler] Received command: Build{id=8a95816a-2bb1-4d99-b103-30bcf4b91797, currentDir=/Users/fareagle/My Staff/Fiverr/567/flutter_godot_widget-main-1/android}.
2024-10-01T09:28:11.718+0300 [DEBUG] [org.gradle.launcher.daemon.server.DefaultIncomingConnectionHandler] Starting executing command: Build{id=8a95816a-2bb1-4d99-b103-30bcf4b91797, currentDir=/Users/fareagle/My Staff/Fiverr/567/flutter_godot_widget-main-1/android} with connection: socket connection from /127.0.0.1:51317 to /127.0.0.1:51318.
2024-10-01T09:28:11.721+0300 [DEBUG] [org.gradle.launcher.daemon.server.DaemonStateCoordinator] Command execution: started DaemonCommandExecution[command = Build{id=8a95816a-2bb1-4d99-b103-30bcf4b91797, currentDir=/Users/fareagle/My Staff/Fiverr/567/flutter_godot_widget-main-1/android}, connection = DefaultDaemonConnection: socket connection from /127.0.0.1:51317 to /127.0.0.1:51318] after 0.0 minutes of idle
2024-10-01T09:28:11.721+0300 [INFO] [org.gradle.launcher.daemon.server.DaemonRegistryUpdater] Marking the daemon as busy, address: [8e771639-36d8-4979-8bee-a586182f69d9 port:51317, addresses:[localhost/127.0.0.1]]
2024-10-01T09:28:11.721+0300 [DEBUG] [org.gradle.launcher.daemon.registry.PersistentDaemonRegistry] Marking busy by address: [8e771639-36d8-4979-8bee-a586182f69d9 port:51317, addresses:[localhost/127.0.0.1]]
2024-10-01T09:28:11.722+0300 [DEBUG] [org.gradle.cache.internal.DefaultFileLockManager] Waiting to acquire exclusive lock on daemon addresses registry.
2024-10-01T09:28:11.723+0300 [DEBUG] [org.gradle.cache.internal.DefaultFileLockManager] Lock acquired on daemon addresses registry.
2024-10-01T09:28:11.724+0300 [DEBUG] [org.gradle.cache.internal.DefaultFileLockManager] Releasing lock on daemon addresses registry.
2024-10-01T09:28:11.724+0300 [DEBUG] [org.gradle.launcher.daemon.server.DaemonStateCoordinator] resetting idle timer
2024-10-01T09:28:11.724+0300 [DEBUG] [org.gradle.launcher.daemon.server.DaemonStateCoordinator] daemon is running. Sleeping until state changes.
2024-10-01T09:28:11.724+0300 [INFO] [org.gradle.launcher.daemon.server.exec.StartBuildOrRespondWithBusy] Daemon is about to start building Build{id=8a95816a-2bb1-4d99-b103-30bcf4b91797, currentDir=/Users/fareagle/My Staff/Fiverr/567/flutter_godot_widget-main-1/android}. Dispatching build started information...
2024-10-01T09:28:11.725+0300 [DEBUG] [org.gradle.launcher.daemon.server.SynchronizedDispatchConnection] thread 23: dispatching org.gradle.launcher.daemon.protocol.BuildStarted@371a6473
2024-10-01T09:28:11.726+0300 [DEBUG] [org.gradle.launcher.daemon.server.SynchronizedDispatchConnection] thread 21: received class org.gradle.launcher.daemon.protocol.CloseInput
2024-10-01T09:28:11.726+0300 [DEBUG] [org.gradle.launcher.daemon.server.DefaultDaemonConnection] thread 21: Received IO message from client: org.gradle.launcher.daemon.protocol.CloseInput@76d07e11
2024-10-01T09:28:11.727+0300 [DEBUG] [org.gradle.launcher.daemon.server.exec.EstablishBuildEnvironment] Configuring env variables: [PATH, __CFBundleIdentifier, SHELL, OLDPWD, USER, COMMAND_MODE, TMPDIR, SSH_AUTH_SOCK, XPC_FLAGS, __CF_USER_TEXT_ENCODING, LOGNAME, LC_CTYPE, XPC_SERVICE_NAME, HOME]
2024-10-01T09:28:11.730+0300 [DEBUG] [org.gradle.launcher.daemon.server.exec.LogToClient] About to start relaying all logs to the client via the connection.
2024-10-01T09:28:11.730+0300 [INFO] [org.gradle.launcher.daemon.server.exec.LogToClient] The client will now receive all logging from the daemon (pid: 3854). The daemon log file: /Users/fareagle/My Staff/Fiverr/567/flutter_godot_widget-main-1/daemon/7.5.1/daemon-3854.out.log
2024-10-01T09:28:11.732+0300 [INFO] [org.gradle.launcher.daemon.server.exec.LogAndCheckHealth] Starting build in new daemon [memory: 512 MiB]
2024-10-01T09:28:11.733+0300 [INFO] [org.gradle.launcher.daemon.server.exec.ForwardClientInput] Closing daemon's stdin at end of input.
2024-10-01T09:28:11.733+0300 [INFO] [org.gradle.launcher.daemon.server.exec.ForwardClientInput] The daemon will no longer process any standard input.
2024-10-01T09:28:11.736+0300 [DEBUG] [org.gradle.launcher.daemon.server.exec.ExecuteBuild] The daemon has started executing the build.
2024-10-01T09:28:11.736+0300 [DEBUG] [org.gradle.launcher.daemon.server.exec.ExecuteBuild] Executing build with daemon context: DefaultDaemonContext[uid=7de155d0-7e19-4d89-aacd-0461f74d74e5,javaHome=/Applications/Android Studio.app/Contents/jbr/Contents/Home,daemonRegistryDir=/Users/fareagle/My Staff/Fiverr/567/flutter_godot_widget-main-1/daemon,pid=3854,idleTimeout=10800000,priority=NORMAL,daemonOpts=--add-opens,java.base/java.util=ALL-UNNAMED,--add-opens,java.base/java.lang=ALL-UNNAMED,--add-opens,java.base/java.lang.invoke=ALL-UNNAMED,--add-opens,java.base/java.util=ALL-UNNAMED,--add-opens,java.prefs/java.util.prefs=ALL-UNNAMED,--add-opens,java.prefs/java.util.prefs=ALL-UNNAMED,--add-opens,java.base/java.nio.charset=ALL-UNNAMED,--add-opens,java.base/java.net=ALL-UNNAMED,--add-opens,java.base/java.util.concurrent.atomic=ALL-UNNAMED,-XX:MaxMetaspaceSize=256m,-XX:+HeapDumpOnOutOfMemoryError,-Xms256m,-Xmx512m,-Dfile.encoding=UTF-8,-Duser.country=EG,-Duser.language=en,-Duser.variant]
AGPBI: {"kind":"warning","text":"We recommend using a newer Android Gradle plugin to use compileSdk = 34\n\nThis Android Gradle plugin (7.3.0) was tested up to compileSdk = 33\n\nThis warning can be suppressed by adding\n    android.suppressUnsupportedCompileSdk=34\nto this project's gradle.properties\n\nThe build will continue, but you are strongly encouraged to update your project to\nuse a newer Android Gradle Plugin that has been tested with compileSdk = 34","sources":[{}]}

FAILURE: Build failed with an exception.

* What went wrong:
Execution failed for task ':generateDebugRFile'.
> Configuration `:debugRuntimeClasspath` contains AndroidX dependencies, but the `android.useAndroidX` property is not enabled, which may cause runtime issues.
  Set `android.useAndroidX=true` in the `gradle.properties` file and retry.
  The following AndroidX dependencies are detected:
  :debugRuntimeClasspath -> org.godotengine:godot:4.2.1.stable -> androidx.fragment:fragment:1.3.6
  :debugRuntimeClasspath -> androidx.appcompat:appcompat:1.6.1 -> androidx.appcompat:appcompat-resources:1.6.1 -> androidx.annotation:annotation:1.3.0
  :debugRuntimeClasspath -> androidx.appcompat:appcompat:1.6.1 -> androidx.appcompat:appcompat-resources:1.6.1 -> androidx.core:core:1.9.0
  :debugRuntimeClasspath -> org.godotengine:godot:4.2.1.stable -> androidx.fragment:fragment:1.3.6 -> androidx.annotation:annotation-experimental:1.3.0
  :debugRuntimeClasspath -> androidx.appcompat:appcompat:1.6.1 -> androidx.appcompat:appcompat-resources:1.6.1 -> androidx.collection:collection:1.1.0
  :debugRuntimeClasspath -> androidx.appcompat:appcompat:1.6.1 -> androidx.appcompat:appcompat-resources:1.6.1 -> androidx.core:core:1.9.0 -> androidx.concurrent:concurrent-futures:1.0.0
  :debugRuntimeClasspath -> androidx.appcompat:appcompat:1.6.1 -> androidx.lifecycle:lifecycle-runtime:2.5.1
  :debugRuntimeClasspath -> androidx.appcompat:appcompat:1.6.1 -> androidx.savedstate:savedstate:1.2.0 -> androidx.arch.core:core-common:2.1.0
  :debugRuntimeClasspath -> androidx.appcompat:appcompat:1.6.1 -> androidx.lifecycle:lifecycle-runtime:2.5.1 -> androidx.arch.core:core-runtime:2.1.0
  :debugRuntimeClasspath -> androidx.appcompat:appcompat:1.6.1 -> androidx.savedstate:savedstate:1.2.0 -> androidx.lifecycle:lifecycle-common:2.5.1
  :debugRuntimeClasspath -> androidx.appcompat:appcompat:1.6.1 -> androidx.appcompat:appcompat-resources:1.6.1 -> androidx.core:core:1.9.0 -> androidx.versionedparcelable:versionedparcelable:1.1.1
  :debugRuntimeClasspath -> androidx.appcompat:appcompat:1.6.1 -> androidx.core:core-ktx:1.9.0
  :debugRuntimeClasspath -> org.godotengine:godot:4.2.1.stable -> androidx.fragment:fragment:1.3.6 -> androidx.viewpager:viewpager:1.0.0
  :debugRuntimeClasspath -> androidx.appcompat:appcompat:1.6.1 -> androidx.drawerlayout:drawerlayout:1.0.0 -> androidx.customview:customview:1.0.0
  :debugRuntimeClasspath -> org.godotengine:godot:4.2.1.stable -> androidx.fragment:fragment:1.3.6 -> androidx.loader:loader:1.0.0
  :debugRuntimeClasspath -> org.godotengine:godot:4.2.1.stable -> androidx.fragment:fragment:1.3.6 -> androidx.loader:loader:1.0.0 -> androidx.lifecycle:lifecycle-livedata:2.0.0
  :debugRuntimeClasspath -> org.godotengine:godot:4.2.1.stable -> androidx.fragment:fragment:1.3.6 -> androidx.lifecycle:lifecycle-livedata-core:2.5.1
  :debugRuntimeClasspath -> androidx.appcompat:appcompat:1.6.1 -> androidx.lifecycle:lifecycle-viewmodel:2.5.1
  :debugRuntimeClasspath -> org.godotengine:godot:4.2.1.stable -> androidx.fragment:fragment:1.3.6 -> androidx.lifecycle:lifecycle-viewmodel-savedstate:2.5.1
  :debugRuntimeClasspath -> androidx.appcompat:appcompat:1.6.1 -> androidx.savedstate:savedstate:1.2.0
  :debugRuntimeClasspath -> androidx.appcompat:appcompat:1.6.1 -> androidx.activity:activity:1.6.0
  :debugRuntimeClasspath -> androidx.appcompat:appcompat:1.6.1 -> androidx.activity:activity:1.6.0 -> androidx.tracing:tracing:1.0.0
  :debugRuntimeClasspath -> androidx.appcompat:appcompat:1.6.1
  :debugRuntimeClasspath -> androidx.appcompat:appcompat:1.6.1 -> androidx.appcompat:appcompat-resources:1.6.1
  :debugRuntimeClasspath -> androidx.appcompat:appcompat:1.6.1 -> androidx.appcompat:appcompat-resources:1.6.1 -> androidx.vectordrawable:vectordrawable:1.1.0
  :debugRuntimeClasspath -> androidx.appcompat:appcompat:1.6.1 -> androidx.appcompat:appcompat-resources:1.6.1 -> androidx.vectordrawable:vectordrawable-animated:1.1.0
  :debugRuntimeClasspath -> androidx.appcompat:appcompat:1.6.1 -> androidx.appcompat:appcompat-resources:1.6.1 -> androidx.vectordrawable:vectordrawable-animated:1.1.0 -> androidx.interpolator:interpolator:1.0.0
  :debugRuntimeClasspath -> androidx.appcompat:appcompat:1.6.1 -> androidx.cursoradapter:cursoradapter:1.0.0
  :debugRuntimeClasspath -> androidx.appcompat:appcompat:1.6.1 -> androidx.drawerlayout:drawerlayout:1.0.0
  :debugRuntimeClasspath -> androidx.appcompat:appcompat:1.6.1 -> androidx.emoji2:emoji2:1.2.0
  :debugRuntimeClasspath -> androidx.appcompat:appcompat:1.6.1 -> androidx.emoji2:emoji2:1.2.0 -> androidx.lifecycle:lifecycle-process:2.4.1
  :debugRuntimeClasspath -> androidx.appcompat:appcompat:1.6.1 -> androidx.emoji2:emoji2:1.2.0 -> androidx.startup:startup-runtime:1.1.1
  :debugRuntimeClasspath -> androidx.appcompat:appcompat:1.6.1 -> androidx.emoji2:emoji2-views-helper:1.2.0
  :debugRuntimeClasspath -> androidx.appcompat:appcompat:1.6.1 -> androidx.resourceinspection:resourceinspection-annotation:1.0.1

* Try:
> Run with --stacktrace option to get the stack trace.
> Run with --info or --debug option to get more log output.
> Run with --scan to get full insights.

* Get more help at https://help.gradle.org

BUILD FAILED in 8s
36 actionable tasks: 1 executed, 35 up-to-date
2024-10-01T09:28:19.351+0300 [DEBUG] [org.gradle.launcher.daemon.server.exec.ExecuteBuild] The daemon has finished executing the build.
2024-10-01T09:28:19.357+0300 [DEBUG] [org.gradle.launcher.daemon.server.DaemonStateCoordinator] daemon is running. Sleeping until state changes.
2024-10-01T09:28:19.357+0300 [DEBUG] [org.gradle.launcher.daemon.server.DaemonStateCoordinator] Command execution: finished waiting for DaemonCommandExecution[command = Build{id=8a95816a-2bb1-4d99-b103-30bcf4b91797, currentDir=/Users/fareagle/My Staff/Fiverr/567/flutter_godot_widget-main-1/android}, connection = DefaultDaemonConnection: socket connection from /127.0.0.1:51317 to /127.0.0.1:51318]. Result org.gradle.launcher.daemon.server.DaemonStateCoordinator@4535d8c4 with state Busy
2024-10-01T09:28:19.357+0300 [DEBUG] [org.gradle.launcher.daemon.server.DaemonStateCoordinator] Command execution: completed DaemonCommandExecution[command = Build{id=8a95816a-2bb1-4d99-b103-30bcf4b91797, currentDir=/Users/fareagle/My Staff/Fiverr/567/flutter_godot_widget-main-1/android}, connection = DefaultDaemonConnection: socket connection from /127.0.0.1:51317 to /127.0.0.1:51318]
2024-10-01T09:28:19.357+0300 [DEBUG] [org.gradle.launcher.daemon.server.DaemonStateCoordinator] resetting idle timer
2024-10-01T09:28:19.358+0300 [INFO] [org.gradle.launcher.daemon.server.DaemonRegistryUpdater] Marking the daemon as idle, address: [8e771639-36d8-4979-8bee-a586182f69d9 port:51317, addresses:[localhost/127.0.0.1]]
2024-10-01T09:28:19.358+0300 [DEBUG] [org.gradle.launcher.daemon.registry.PersistentDaemonRegistry] Marking busy by address: [8e771639-36d8-4979-8bee-a586182f69d9 port:51317, addresses:[localhost/127.0.0.1]]
2024-10-01T09:28:19.358+0300 [DEBUG] [org.gradle.cache.internal.DefaultFileLockManager] Waiting to acquire exclusive lock on daemon addresses registry.
2024-10-01T09:28:19.359+0300 [DEBUG] [org.gradle.cache.internal.DefaultFileLockManager] Lock acquired on daemon addresses registry.
2024-10-01T09:28:19.360+0300 [DEBUG] [org.gradle.cache.internal.DefaultFileLockManager] Releasing lock on daemon addresses registry.
2024-10-01T09:28:19.360+0300 [DEBUG] [org.gradle.launcher.daemon.server.DaemonStateCoordinator] daemon is running. Sleeping until state changes.
2024-10-01T09:28:19.361+0300 [DEBUG] [org.gradle.launcher.daemon.server.exec.ReturnResult] Daemon is dispatching the build result: Success[value=org.gradle.launcher.exec.BuildActionResult@7e815d6]
2024-10-01T09:28:19.361+0300 [DEBUG] [org.gradle.launcher.daemon.server.SynchronizedDispatchConnection] thread 20: dispatching Success[value=org.gradle.launcher.exec.BuildActionResult@7e815d6]
2024-10-01T09:28:19.372+0300 [DEBUG] [org.gradle.launcher.daemon.server.DefaultIncomingConnectionHandler] Finishing executing command: Build{id=8a95816a-2bb1-4d99-b103-30bcf4b91797, currentDir=/Users/fareagle/My Staff/Fiverr/567/flutter_godot_widget-main-1/android}
2024-10-01T09:28:19.375+0300 [DEBUG] [org.gradle.launcher.daemon.server.SynchronizedDispatchConnection] thread 21: received class org.gradle.launcher.daemon.protocol.Finished
2024-10-01T09:28:19.375+0300 [DEBUG] [org.gradle.launcher.daemon.server.DefaultDaemonConnection] thread 21: Received non-IO message from client: org.gradle.launcher.daemon.protocol.Finished@402242c9
2024-10-01T09:28:19.376+0300 [DEBUG] [org.gradle.internal.remote.internal.inet.SocketConnection] Discarding EOFException: java.io.EOFException
2024-10-01T09:28:19.376+0300 [DEBUG] [org.gradle.launcher.daemon.server.SynchronizedDispatchConnection] thread 21: received null
2024-10-01T09:28:19.376+0300 [DEBUG] [org.gradle.launcher.daemon.server.DefaultDaemonConnection] thread 21: Received end-of-input from client.
2024-10-01T09:28:19.376+0300 [DEBUG] [org.gradle.launcher.daemon.server.DefaultIncomingConnectionHandler] Received finished message: org.gradle.launcher.daemon.protocol.Finished@402242c9
2024-10-01T09:28:19.377+0300 [DEBUG] [org.gradle.launcher.daemon.server.SynchronizedDispatchConnection] thread 20: stopping connection
2024-10-01T09:28:19.380+0300 [DEBUG] [org.gradle.launcher.daemon.server.SynchronizedDispatchConnection] thread 20: stopping connection
2024-10-01T09:28:21.693+0300 [DEBUG] [org.gradle.cache.internal.DefaultFileLockManager] Waiting to acquire shared lock on daemon addresses registry.
2024-10-01T09:28:21.694+0300 [DEBUG] [org.gradle.cache.internal.DefaultFileLockManager] Lock acquired on daemon addresses registry.
2024-10-01T09:28:21.694+0300 [DEBUG] [org.gradle.cache.internal.DefaultFileLockManager] Releasing lock on daemon addresses registry.
2024-10-01T09:28:21.695+0300 [DEBUG] [org.gradle.cache.internal.DefaultFileLockManager] Waiting to acquire shared lock on daemon addresses registry.
2024-10-01T09:28:21.695+0300 [DEBUG] [org.gradle.cache.internal.DefaultFileLockManager] Lock acquired on daemon addresses registry.
2024-10-01T09:28:21.696+0300 [DEBUG] [org.gradle.cache.internal.DefaultFileLockManager] Releasing lock on daemon addresses registry.
2024-10-01T09:28:31.702+0300 [DEBUG] [org.gradle.cache.internal.DefaultFileLockManager] Waiting to acquire shared lock on daemon addresses registry.
2024-10-01T09:28:31.702+0300 [DEBUG] [org.gradle.cache.internal.DefaultFileLockManager] Lock acquired on daemon addresses registry.
2024-10-01T09:28:31.703+0300 [DEBUG] [org.gradle.cache.internal.DefaultFileLockManager] Releasing lock on daemon addresses registry.
2024-10-01T09:28:31.704+0300 [DEBUG] [org.gradle.cache.internal.DefaultFileLockManager] Waiting to acquire shared lock on daemon addresses registry.
2024-10-01T09:28:31.704+0300 [DEBUG] [org.gradle.cache.internal.DefaultFileLockManager] Lock acquired on daemon addresses registry.
2024-10-01T09:28:31.704+0300 [DEBUG] [org.gradle.cache.internal.DefaultFileLockManager] Releasing lock on daemon addresses registry.
2024-10-01T09:28:31.705+0300 [DEBUG] [org.gradle.cache.internal.DefaultFileLockManager] Waiting to acquire shared lock on daemon addresses registry.
2024-10-01T09:28:31.705+0300 [DEBUG] [org.gradle.cache.internal.DefaultFileLockManager] Lock acquired on daemon addresses registry.
2024-10-01T09:28:31.706+0300 [DEBUG] [org.gradle.cache.internal.DefaultFileLockManager] Releasing lock on daemon addresses registry.
2024-10-01T09:28:41.697+0300 [DEBUG] [org.gradle.cache.internal.DefaultFileLockManager] Waiting to acquire shared lock on daemon addresses registry.
2024-10-01T09:28:41.697+0300 [DEBUG] [org.gradle.cache.internal.DefaultFileLockManager] Lock acquired on daemon addresses registry.
2024-10-01T09:28:41.698+0300 [DEBUG] [org.gradle.cache.internal.DefaultFileLockManager] Releasing lock on daemon addresses registry.
2024-10-01T09:28:41.699+0300 [DEBUG] [org.gradle.cache.internal.DefaultFileLockManager] Waiting to acquire shared lock on daemon addresses registry.
2024-10-01T09:28:41.699+0300 [DEBUG] [org.gradle.cache.internal.DefaultFileLockManager] Lock acquired on daemon addresses registry.
2024-10-01T09:28:41.699+0300 [DEBUG] [org.gradle.cache.internal.DefaultFileLockManager] Releasing lock on daemon addresses registry.
2024-10-01T09:28:41.700+0300 [DEBUG] [org.gradle.cache.internal.DefaultFileLockManager] Waiting to acquire shared lock on daemon addresses registry.
2024-10-01T09:28:41.700+0300 [DEBUG] [org.gradle.cache.internal.DefaultFileLockManager] Lock acquired on daemon addresses registry.
2024-10-01T09:28:41.700+0300 [DEBUG] [org.gradle.cache.internal.DefaultFileLockManager] Releasing lock on daemon addresses registry.
2024-10-01T09:28:51.695+0300 [DEBUG] [org.gradle.cache.internal.DefaultFileLockManager] Waiting to acquire shared lock on daemon addresses registry.
2024-10-01T09:28:51.695+0300 [DEBUG] [org.gradle.cache.internal.DefaultFileLockManager] Lock acquired on daemon addresses registry.
2024-10-01T09:28:51.696+0300 [DEBUG] [org.gradle.cache.internal.DefaultFileLockManager] Releasing lock on daemon addresses registry.
2024-10-01T09:28:51.696+0300 [DEBUG] [org.gradle.cache.internal.DefaultFileLockManager] Waiting to acquire shared lock on daemon addresses registry.
2024-10-01T09:28:51.697+0300 [DEBUG] [org.gradle.cache.internal.DefaultFileLockManager] Lock acquired on daemon addresses registry.
2024-10-01T09:28:51.697+0300 [DEBUG] [org.gradle.cache.internal.DefaultFileLockManager] Releasing lock on daemon addresses registry.
2024-10-01T09:28:51.697+0300 [DEBUG] [org.gradle.cache.internal.DefaultFileLockManager] Waiting to acquire shared lock on daemon addresses registry.
2024-10-01T09:28:51.698+0300 [DEBUG] [org.gradle.cache.internal.DefaultFileLockManager] Lock acquired on daemon addresses registry.
2024-10-01T09:28:51.698+0300 [DEBUG] [org.gradle.cache.internal.DefaultFileLockManager] Releasing lock on daemon addresses registry.
2024-10-01T09:29:01.694+0300 [DEBUG] [org.gradle.cache.internal.DefaultFileLockManager] Waiting to acquire shared lock on daemon addresses registry.
2024-10-01T09:29:01.694+0300 [DEBUG] [org.gradle.cache.internal.DefaultFileLockManager] Lock acquired on daemon addresses registry.
2024-10-01T09:29:01.694+0300 [DEBUG] [org.gradle.cache.internal.DefaultFileLockManager] Releasing lock on daemon addresses registry.
2024-10-01T09:29:01.694+0300 [DEBUG] [org.gradle.cache.internal.DefaultFileLockManager] Waiting to acquire shared lock on daemon addresses registry.
2024-10-01T09:29:01.694+0300 [DEBUG] [org.gradle.cache.internal.DefaultFileLockManager] Lock acquired on daemon addresses registry.
2024-10-01T09:29:01.695+0300 [DEBUG] [org.gradle.cache.internal.DefaultFileLockManager] Releasing lock on daemon addresses registry.
2024-10-01T09:29:01.695+0300 [DEBUG] [org.gradle.cache.internal.DefaultFileLockManager] Waiting to acquire shared lock on daemon addresses registry.
2024-10-01T09:29:01.695+0300 [DEBUG] [org.gradle.cache.internal.DefaultFileLockManager] Lock acquired on daemon addresses registry.
2024-10-01T09:29:01.695+0300 [DEBUG] [org.gradle.cache.internal.DefaultFileLockManager] Releasing lock on daemon addresses registry.
2024-10-01T09:29:11.700+0300 [DEBUG] [org.gradle.cache.internal.DefaultFileLockManager] Waiting to acquire shared lock on daemon addresses registry.
2024-10-01T09:29:11.703+0300 [DEBUG] [org.gradle.cache.internal.DefaultFileLockManager] Lock acquired on daemon addresses registry.
2024-10-01T09:29:11.703+0300 [DEBUG] [org.gradle.cache.internal.DefaultFileLockManager] Releasing lock on daemon addresses registry.
2024-10-01T09:29:11.704+0300 [DEBUG] [org.gradle.cache.internal.DefaultFileLockManager] Waiting to acquire shared lock on daemon addresses registry.
2024-10-01T09:29:11.704+0300 [DEBUG] [org.gradle.cache.internal.DefaultFileLockManager] Lock acquired on daemon addresses registry.
2024-10-01T09:29:11.704+0300 [DEBUG] [org.gradle.cache.internal.DefaultFileLockManager] Releasing lock on daemon addresses registry.
2024-10-01T09:29:11.704+0300 [DEBUG] [org.gradle.cache.internal.DefaultFileLockManager] Waiting to acquire shared lock on daemon addresses registry.
2024-10-01T09:29:11.704+0300 [DEBUG] [org.gradle.cache.internal.DefaultFileLockManager] Lock acquired on daemon addresses registry.
2024-10-01T09:29:11.705+0300 [DEBUG] [org.gradle.cache.internal.DefaultFileLockManager] Releasing lock on daemon addresses registry.
2024-10-01T09:29:21.702+0300 [DEBUG] [org.gradle.cache.internal.DefaultFileLockManager] Waiting to acquire shared lock on daemon addresses registry.
2024-10-01T09:29:21.705+0300 [DEBUG] [org.gradle.cache.internal.DefaultFileLockManager] Lock acquired on daemon addresses registry.
2024-10-01T09:29:21.706+0300 [DEBUG] [org.gradle.cache.internal.DefaultFileLockManager] Releasing lock on daemon addresses registry.
2024-10-01T09:29:21.706+0300 [DEBUG] [org.gradle.cache.internal.DefaultFileLockManager] Waiting to acquire shared lock on daemon addresses registry.
2024-10-01T09:29:21.707+0300 [DEBUG] [org.gradle.cache.internal.DefaultFileLockManager] Lock acquired on daemon addresses registry.
2024-10-01T09:29:21.707+0300 [DEBUG] [org.gradle.cache.internal.DefaultFileLockManager] Releasing lock on daemon addresses registry.
2024-10-01T09:29:21.707+0300 [DEBUG] [org.gradle.cache.internal.DefaultFileLockManager] Waiting to acquire shared lock on daemon addresses registry.
2024-10-01T09:29:21.707+0300 [DEBUG] [org.gradle.cache.internal.DefaultFileLockManager] Lock acquired on daemon addresses registry.
2024-10-01T09:29:21.708+0300 [DEBUG] [org.gradle.cache.internal.DefaultFileLockManager] Releasing lock on daemon addresses registry.
2024-10-01T09:29:31.693+0300 [DEBUG] [org.gradle.cache.internal.DefaultFileLockManager] Waiting to acquire shared lock on daemon addresses registry.
2024-10-01T09:29:31.694+0300 [DEBUG] [org.gradle.cache.internal.DefaultFileLockManager] Lock acquired on daemon addresses registry.
2024-10-01T09:29:31.694+0300 [DEBUG] [org.gradle.cache.internal.DefaultFileLockManager] Releasing lock on daemon addresses registry.
2024-10-01T09:29:31.695+0300 [DEBUG] [org.gradle.cache.internal.DefaultFileLockManager] Waiting to acquire shared lock on daemon addresses registry.
2024-10-01T09:29:31.695+0300 [DEBUG] [org.gradle.cache.internal.DefaultFileLockManager] Lock acquired on daemon addresses registry.
2024-10-01T09:29:31.695+0300 [DEBUG] [org.gradle.cache.internal.DefaultFileLockManager] Releasing lock on daemon addresses registry.
2024-10-01T09:29:31.696+0300 [DEBUG] [org.gradle.cache.internal.DefaultFileLockManager] Waiting to acquire shared lock on daemon addresses registry.
2024-10-01T09:29:31.696+0300 [DEBUG] [org.gradle.cache.internal.DefaultFileLockManager] Lock acquired on daemon addresses registry.
2024-10-01T09:29:31.696+0300 [DEBUG] [org.gradle.cache.internal.DefaultFileLockManager] Releasing lock on daemon addresses registry.
2024-10-01T09:29:36.191+0300 [DEBUG] [org.gradle.internal.remote.internal.inet.TcpIncomingConnector] Accepted connection from /127.0.0.1:51361 to /127.0.0.1:51317.
2024-10-01T09:29:36.192+0300 [DEBUG] [org.gradle.launcher.daemon.server.SynchronizedDispatchConnection] thread 140: received class org.gradle.launcher.daemon.protocol.Build
2024-10-01T09:29:36.192+0300 [DEBUG] [org.gradle.launcher.daemon.server.DefaultDaemonConnection] thread 140: Received non-IO message from client: Build{id=63527d5f-005b-4dac-98c5-5e566c206689, currentDir=/Users/fareagle/My Staff/Fiverr/567/flutter_godot_widget-main-1/android}
2024-10-01T09:29:36.192+0300 [INFO] [org.gradle.launcher.daemon.server.DefaultIncomingConnectionHandler] Received command: Build{id=63527d5f-005b-4dac-98c5-5e566c206689, currentDir=/Users/fareagle/My Staff/Fiverr/567/flutter_godot_widget-main-1/android}.
2024-10-01T09:29:36.193+0300 [DEBUG] [org.gradle.launcher.daemon.server.DefaultIncomingConnectionHandler] Starting executing command: Build{id=63527d5f-005b-4dac-98c5-5e566c206689, currentDir=/Users/fareagle/My Staff/Fiverr/567/flutter_godot_widget-main-1/android} with connection: socket connection from /127.0.0.1:51317 to /127.0.0.1:51361.
2024-10-01T09:29:36.193+0300 [DEBUG] [org.gradle.launcher.daemon.server.DaemonStateCoordinator] Command execution: started DaemonCommandExecution[command = Build{id=63527d5f-005b-4dac-98c5-5e566c206689, currentDir=/Users/fareagle/My Staff/Fiverr/567/flutter_godot_widget-main-1/android}, connection = DefaultDaemonConnection: socket connection from /127.0.0.1:51317 to /127.0.0.1:51361] after 1.0 minutes of idle
2024-10-01T09:29:36.193+0300 [INFO] [org.gradle.launcher.daemon.server.DaemonRegistryUpdater] Marking the daemon as busy, address: [8e771639-36d8-4979-8bee-a586182f69d9 port:51317, addresses:[localhost/127.0.0.1]]
2024-10-01T09:29:36.193+0300 [DEBUG] [org.gradle.launcher.daemon.registry.PersistentDaemonRegistry] Marking busy by address: [8e771639-36d8-4979-8bee-a586182f69d9 port:51317, addresses:[localhost/127.0.0.1]]
2024-10-01T09:29:36.193+0300 [DEBUG] [org.gradle.cache.internal.DefaultFileLockManager] Waiting to acquire exclusive lock on daemon addresses registry.
2024-10-01T09:29:36.194+0300 [DEBUG] [org.gradle.cache.internal.DefaultFileLockManager] Lock acquired on daemon addresses registry.
2024-10-01T09:29:36.194+0300 [DEBUG] [org.gradle.cache.internal.DefaultFileLockManager] Releasing lock on daemon addresses registry.
2024-10-01T09:29:36.195+0300 [DEBUG] [org.gradle.launcher.daemon.server.DaemonStateCoordinator] resetting idle timer
2024-10-01T09:29:36.195+0300 [DEBUG] [org.gradle.launcher.daemon.server.DaemonStateCoordinator] daemon is running. Sleeping until state changes.
2024-10-01T09:29:36.195+0300 [INFO] [org.gradle.launcher.daemon.server.exec.StartBuildOrRespondWithBusy] Daemon is about to start building Build{id=63527d5f-005b-4dac-98c5-5e566c206689, currentDir=/Users/fareagle/My Staff/Fiverr/567/flutter_godot_widget-main-1/android}. Dispatching build started information...
2024-10-01T09:29:36.195+0300 [DEBUG] [org.gradle.launcher.daemon.server.SynchronizedDispatchConnection] thread 142: dispatching org.gradle.launcher.daemon.protocol.BuildStarted@1f4ec4f9
2024-10-01T09:29:36.195+0300 [DEBUG] [org.gradle.launcher.daemon.server.exec.EstablishBuildEnvironment] Configuring env variables: [PATH, __CFBundleIdentifier, SHELL, OLDPWD, USER, COMMAND_MODE, TMPDIR, SSH_AUTH_SOCK, XPC_FLAGS, __CF_USER_TEXT_ENCODING, LOGNAME, LC_CTYPE, XPC_SERVICE_NAME, HOME]
2024-10-01T09:29:36.196+0300 [DEBUG] [org.gradle.launcher.daemon.server.exec.LogToClient] About to start relaying all logs to the client via the connection.
2024-10-01T09:29:36.196+0300 [DEBUG] [org.gradle.launcher.daemon.server.SynchronizedDispatchConnection] thread 140: received class org.gradle.launcher.daemon.protocol.CloseInput
2024-10-01T09:29:36.196+0300 [INFO] [org.gradle.launcher.daemon.server.exec.LogToClient] The client will now receive all logging from the daemon (pid: 3854). The daemon log file: /Users/fareagle/My Staff/Fiverr/567/flutter_godot_widget-main-1/daemon/7.5.1/daemon-3854.out.log
2024-10-01T09:29:36.196+0300 [DEBUG] [org.gradle.launcher.daemon.server.DefaultDaemonConnection] thread 140: Received IO message from client: org.gradle.launcher.daemon.protocol.CloseInput@1789f3e8
2024-10-01T09:29:36.197+0300 [INFO] [org.gradle.launcher.daemon.server.exec.LogAndCheckHealth] Starting 2nd build in daemon [uptime: 1 mins 24.692 secs, performance: 99%, non-heap usage: 33% of 256 MiB]
2024-10-01T09:29:36.198+0300 [DEBUG] [org.gradle.launcher.daemon.server.exec.ExecuteBuild] The daemon has started executing the build.
2024-10-01T09:29:36.198+0300 [INFO] [org.gradle.launcher.daemon.server.exec.ForwardClientInput] Closing daemon's stdin at end of input.
2024-10-01T09:29:36.198+0300 [DEBUG] [org.gradle.launcher.daemon.server.exec.ExecuteBuild] Executing build with daemon context: DefaultDaemonContext[uid=7de155d0-7e19-4d89-aacd-0461f74d74e5,javaHome=/Applications/Android Studio.app/Contents/jbr/Contents/Home,daemonRegistryDir=/Users/fareagle/My Staff/Fiverr/567/flutter_godot_widget-main-1/daemon,pid=3854,idleTimeout=10800000,priority=NORMAL,daemonOpts=--add-opens,java.base/java.util=ALL-UNNAMED,--add-opens,java.base/java.lang=ALL-UNNAMED,--add-opens,java.base/java.lang.invoke=ALL-UNNAMED,--add-opens,java.base/java.util=ALL-UNNAMED,--add-opens,java.prefs/java.util.prefs=ALL-UNNAMED,--add-opens,java.prefs/java.util.prefs=ALL-UNNAMED,--add-opens,java.base/java.nio.charset=ALL-UNNAMED,--add-opens,java.base/java.net=ALL-UNNAMED,--add-opens,java.base/java.util.concurrent.atomic=ALL-UNNAMED,-XX:MaxMetaspaceSize=256m,-XX:+HeapDumpOnOutOfMemoryError,-Xms256m,-Xmx512m,-Dfile.encoding=UTF-8,-Duser.country=EG,-Duser.language=en,-Duser.variant]
2024-10-01T09:29:36.198+0300 [INFO] [org.gradle.launcher.daemon.server.exec.ForwardClientInput] The daemon will no longer process any standard input.
AGPBI: {"kind":"warning","text":"We recommend using a newer Android Gradle plugin to use compileSdk = 34\n\nThis Android Gradle plugin (7.3.0) was tested up to compileSdk = 33\n\nThis warning can be suppressed by adding\n    android.suppressUnsupportedCompileSdk=34\nto this project's gradle.properties\n\nThe build will continue, but you are strongly encouraged to update your project to\nuse a newer Android Gradle Plugin that has been tested with compileSdk = 34","sources":[{}]}

FAILURE: Build failed with an exception.

* What went wrong:
Execution failed for task ':generateDebugRFile'.
> Configuration `:debugRuntimeClasspath` contains AndroidX dependencies, but the `android.useAndroidX` property is not enabled, which may cause runtime issues.
  Set `android.useAndroidX=true` in the `gradle.properties` file and retry.
  The following AndroidX dependencies are detected:
  :debugRuntimeClasspath -> org.godotengine:godot:4.2.1.stable -> androidx.fragment:fragment:1.3.6
  :debugRuntimeClasspath -> androidx.appcompat:appcompat:1.6.1 -> androidx.appcompat:appcompat-resources:1.6.1 -> androidx.annotation:annotation:1.3.0
  :debugRuntimeClasspath -> androidx.appcompat:appcompat:1.6.1 -> androidx.appcompat:appcompat-resources:1.6.1 -> androidx.core:core:1.9.0
  :debugRuntimeClasspath -> org.godotengine:godot:4.2.1.stable -> androidx.fragment:fragment:1.3.6 -> androidx.annotation:annotation-experimental:1.3.0
  :debugRuntimeClasspath -> androidx.appcompat:appcompat:1.6.1 -> androidx.appcompat:appcompat-resources:1.6.1 -> androidx.collection:collection:1.1.0
  :debugRuntimeClasspath -> androidx.appcompat:appcompat:1.6.1 -> androidx.appcompat:appcompat-resources:1.6.1 -> androidx.core:core:1.9.0 -> androidx.concurrent:concurrent-futures:1.0.0
  :debugRuntimeClasspath -> androidx.appcompat:appcompat:1.6.1 -> androidx.lifecycle:lifecycle-runtime:2.5.1
  :debugRuntimeClasspath -> androidx.appcompat:appcompat:1.6.1 -> androidx.savedstate:savedstate:1.2.0 -> androidx.arch.core:core-common:2.1.0
  :debugRuntimeClasspath -> androidx.appcompat:appcompat:1.6.1 -> androidx.lifecycle:lifecycle-runtime:2.5.1 -> androidx.arch.core:core-runtime:2.1.0
  :debugRuntimeClasspath -> androidx.appcompat:appcompat:1.6.1 -> androidx.savedstate:savedstate:1.2.0 -> androidx.lifecycle:lifecycle-common:2.5.1
  :debugRuntimeClasspath -> androidx.appcompat:appcompat:1.6.1 -> androidx.appcompat:appcompat-resources:1.6.1 -> androidx.core:core:1.9.0 -> androidx.versionedparcelable:versionedparcelable:1.1.1
  :debugRuntimeClasspath -> androidx.appcompat:appcompat:1.6.1 -> androidx.core:core-ktx:1.9.0
  :debugRuntimeClasspath -> org.godotengine:godot:4.2.1.stable -> androidx.fragment:fragment:1.3.6 -> androidx.viewpager:viewpager:1.0.0
  :debugRuntimeClasspath -> androidx.appcompat:appcompat:1.6.1 -> androidx.drawerlayout:drawerlayout:1.0.0 -> androidx.customview:customview:1.0.0
  :debugRuntimeClasspath -> org.godotengine:godot:4.2.1.stable -> androidx.fragment:fragment:1.3.6 -> androidx.loader:loader:1.0.0
  :debugRuntimeClasspath -> org.godotengine:godot:4.2.1.stable -> androidx.fragment:fragment:1.3.6 -> androidx.loader:loader:1.0.0 -> androidx.lifecycle:lifecycle-livedata:2.0.0
  :debugRuntimeClasspath -> org.godotengine:godot:4.2.1.stable -> androidx.fragment:fragment:1.3.6 -> androidx.lifecycle:lifecycle-livedata-core:2.5.1
  :debugRuntimeClasspath -> androidx.appcompat:appcompat:1.6.1 -> androidx.lifecycle:lifecycle-viewmodel:2.5.1
  :debugRuntimeClasspath -> org.godotengine:godot:4.2.1.stable -> androidx.fragment:fragment:1.3.6 -> androidx.lifecycle:lifecycle-viewmodel-savedstate:2.5.1
  :debugRuntimeClasspath -> androidx.appcompat:appcompat:1.6.1 -> androidx.savedstate:savedstate:1.2.0
  :debugRuntimeClasspath -> androidx.appcompat:appcompat:1.6.1 -> androidx.activity:activity:1.6.0
  :debugRuntimeClasspath -> androidx.appcompat:appcompat:1.6.1 -> androidx.activity:activity:1.6.0 -> androidx.tracing:tracing:1.0.0
  :debugRuntimeClasspath -> androidx.appcompat:appcompat:1.6.1
  :debugRuntimeClasspath -> androidx.appcompat:appcompat:1.6.1 -> androidx.appcompat:appcompat-resources:1.6.1
  :debugRuntimeClasspath -> androidx.appcompat:appcompat:1.6.1 -> androidx.appcompat:appcompat-resources:1.6.1 -> androidx.vectordrawable:vectordrawable:1.1.0
  :debugRuntimeClasspath -> androidx.appcompat:appcompat:1.6.1 -> androidx.appcompat:appcompat-resources:1.6.1 -> androidx.vectordrawable:vectordrawable-animated:1.1.0
  :debugRuntimeClasspath -> androidx.appcompat:appcompat:1.6.1 -> androidx.appcompat:appcompat-resources:1.6.1 -> androidx.vectordrawable:vectordrawable-animated:1.1.0 -> androidx.interpolator:interpolator:1.0.0
  :debugRuntimeClasspath -> androidx.appcompat:appcompat:1.6.1 -> androidx.cursoradapter:cursoradapter:1.0.0
  :debugRuntimeClasspath -> androidx.appcompat:appcompat:1.6.1 -> androidx.drawerlayout:drawerlayout:1.0.0
  :debugRuntimeClasspath -> androidx.appcompat:appcompat:1.6.1 -> androidx.emoji2:emoji2:1.2.0
  :debugRuntimeClasspath -> androidx.appcompat:appcompat:1.6.1 -> androidx.emoji2:emoji2:1.2.0 -> androidx.lifecycle:lifecycle-process:2.4.1
  :debugRuntimeClasspath -> androidx.appcompat:appcompat:1.6.1 -> androidx.emoji2:emoji2:1.2.0 -> androidx.startup:startup-runtime:1.1.1
  :debugRuntimeClasspath -> androidx.appcompat:appcompat:1.6.1 -> androidx.emoji2:emoji2-views-helper:1.2.0
  :debugRuntimeClasspath -> androidx.appcompat:appcompat:1.6.1 -> androidx.resourceinspection:resourceinspection-annotation:1.0.1

* Try:
> Run with --stacktrace option to get the stack trace.
> Run with --info or --debug option to get more log output.
> Run with --scan to get full insights.

* Get more help at https://help.gradle.org

BUILD FAILED in 606ms
36 actionable tasks: 1 executed, 35 up-to-date
2024-10-01T09:29:36.816+0300 [DEBUG] [org.gradle.launcher.daemon.server.exec.ExecuteBuild] The daemon has finished executing the build.
2024-10-01T09:29:36.825+0300 [DEBUG] [org.gradle.launcher.daemon.server.DaemonStateCoordinator] daemon is running. Sleeping until state changes.
2024-10-01T09:29:36.825+0300 [DEBUG] [org.gradle.launcher.daemon.server.DaemonStateCoordinator] Command execution: finished waiting for DaemonCommandExecution[command = Build{id=63527d5f-005b-4dac-98c5-5e566c206689, currentDir=/Users/fareagle/My Staff/Fiverr/567/flutter_godot_widget-main-1/android}, connection = DefaultDaemonConnection: socket connection from /127.0.0.1:51317 to /127.0.0.1:51361]. Result org.gradle.launcher.daemon.server.DaemonStateCoordinator@4535d8c4 with state Busy
2024-10-01T09:29:36.825+0300 [DEBUG] [org.gradle.launcher.daemon.server.DaemonStateCoordinator] Command execution: completed DaemonCommandExecution[command = Build{id=63527d5f-005b-4dac-98c5-5e566c206689, currentDir=/Users/fareagle/My Staff/Fiverr/567/flutter_godot_widget-main-1/android}, connection = DefaultDaemonConnection: socket connection from /127.0.0.1:51317 to /127.0.0.1:51361]
2024-10-01T09:29:36.825+0300 [DEBUG] [org.gradle.launcher.daemon.server.DaemonStateCoordinator] resetting idle timer
2024-10-01T09:29:36.826+0300 [INFO] [org.gradle.launcher.daemon.server.DaemonRegistryUpdater] Marking the daemon as idle, address: [8e771639-36d8-4979-8bee-a586182f69d9 port:51317, addresses:[localhost/127.0.0.1]]
2024-10-01T09:29:36.826+0300 [DEBUG] [org.gradle.launcher.daemon.registry.PersistentDaemonRegistry] Marking busy by address: [8e771639-36d8-4979-8bee-a586182f69d9 port:51317, addresses:[localhost/127.0.0.1]]
2024-10-01T09:29:36.826+0300 [DEBUG] [org.gradle.cache.internal.DefaultFileLockManager] Waiting to acquire exclusive lock on daemon addresses registry.
2024-10-01T09:29:36.826+0300 [DEBUG] [org.gradle.cache.internal.DefaultFileLockManager] Lock acquired on daemon addresses registry.
2024-10-01T09:29:36.827+0300 [DEBUG] [org.gradle.cache.internal.DefaultFileLockManager] Releasing lock on daemon addresses registry.
2024-10-01T09:29:36.827+0300 [DEBUG] [org.gradle.launcher.daemon.server.exec.ReturnResult] Daemon is dispatching the build result: Success[value=org.gradle.launcher.exec.BuildActionResult@681a951]
2024-10-01T09:29:36.827+0300 [DEBUG] [org.gradle.launcher.daemon.server.SynchronizedDispatchConnection] thread 139: dispatching Success[value=org.gradle.launcher.exec.BuildActionResult@681a951]
2024-10-01T09:29:36.827+0300 [DEBUG] [org.gradle.launcher.daemon.server.DaemonStateCoordinator] daemon is running. Sleeping until state changes.
2024-10-01T09:29:36.828+0300 [DEBUG] [org.gradle.launcher.daemon.server.DefaultIncomingConnectionHandler] Finishing executing command: Build{id=63527d5f-005b-4dac-98c5-5e566c206689, currentDir=/Users/fareagle/My Staff/Fiverr/567/flutter_godot_widget-main-1/android}
2024-10-01T09:29:36.829+0300 [DEBUG] [org.gradle.launcher.daemon.server.SynchronizedDispatchConnection] thread 140: received class org.gradle.launcher.daemon.protocol.Finished
2024-10-01T09:29:36.829+0300 [DEBUG] [org.gradle.launcher.daemon.server.DefaultDaemonConnection] thread 140: Received non-IO message from client: org.gradle.launcher.daemon.protocol.Finished@194e0f69
2024-10-01T09:29:36.830+0300 [DEBUG] [org.gradle.launcher.daemon.server.DefaultIncomingConnectionHandler] Received finished message: org.gradle.launcher.daemon.protocol.Finished@194e0f69
2024-10-01T09:29:36.830+0300 [DEBUG] [org.gradle.internal.remote.internal.inet.SocketConnection] Discarding EOFException: java.io.EOFException
2024-10-01T09:29:36.830+0300 [DEBUG] [org.gradle.launcher.daemon.server.SynchronizedDispatchConnection] thread 139: stopping connection
2024-10-01T09:29:36.830+0300 [DEBUG] [org.gradle.launcher.daemon.server.SynchronizedDispatchConnection] thread 140: received null
2024-10-01T09:29:36.830+0300 [DEBUG] [org.gradle.launcher.daemon.server.DefaultDaemonConnection] thread 140: Received end-of-input from client.
2024-10-01T09:29:36.830+0300 [DEBUG] [org.gradle.launcher.daemon.server.SynchronizedDispatchConnection] thread 139: stopping connection
2024-10-01T09:29:41.702+0300 [DEBUG] [org.gradle.cache.internal.DefaultFileLockManager] Waiting to acquire shared lock on daemon addresses registry.
2024-10-01T09:29:41.702+0300 [DEBUG] [org.gradle.cache.internal.DefaultFileLockManager] Lock acquired on daemon addresses registry.
2024-10-01T09:29:41.702+0300 [DEBUG] [org.gradle.cache.internal.DefaultFileLockManager] Releasing lock on daemon addresses registry.
2024-10-01T09:29:41.703+0300 [DEBUG] [org.gradle.cache.internal.DefaultFileLockManager] Waiting to acquire shared lock on daemon addresses registry.
2024-10-01T09:29:41.703+0300 [DEBUG] [org.gradle.cache.internal.DefaultFileLockManager] Lock acquired on daemon addresses registry.
2024-10-01T09:29:41.703+0300 [DEBUG] [org.gradle.cache.internal.DefaultFileLockManager] Releasing lock on daemon addresses registry.
2024-10-01T09:29:51.696+0300 [DEBUG] [org.gradle.cache.internal.DefaultFileLockManager] Waiting to acquire shared lock on daemon addresses registry.
2024-10-01T09:29:51.696+0300 [DEBUG] [org.gradle.cache.internal.DefaultFileLockManager] Lock acquired on daemon addresses registry.
2024-10-01T09:29:51.696+0300 [DEBUG] [org.gradle.cache.internal.DefaultFileLockManager] Releasing lock on daemon addresses registry.
2024-10-01T09:29:51.696+0300 [DEBUG] [org.gradle.cache.internal.DefaultFileLockManager] Waiting to acquire shared lock on daemon addresses registry.
2024-10-01T09:29:51.697+0300 [DEBUG] [org.gradle.cache.internal.DefaultFileLockManager] Lock acquired on daemon addresses registry.
2024-10-01T09:29:51.697+0300 [DEBUG] [org.gradle.cache.internal.DefaultFileLockManager] Releasing lock on daemon addresses registry.
2024-10-01T09:29:51.697+0300 [DEBUG] [org.gradle.cache.internal.DefaultFileLockManager] Waiting to acquire shared lock on daemon addresses registry.
2024-10-01T09:29:51.697+0300 [DEBUG] [org.gradle.cache.internal.DefaultFileLockManager] Lock acquired on daemon addresses registry.
2024-10-01T09:29:51.697+0300 [DEBUG] [org.gradle.cache.internal.DefaultFileLockManager] Releasing lock on daemon addresses registry.
2024-10-01T09:30:01.699+0300 [DEBUG] [org.gradle.cache.internal.DefaultFileLockManager] Waiting to acquire shared lock on daemon addresses registry.
2024-10-01T09:30:01.699+0300 [DEBUG] [org.gradle.cache.internal.DefaultFileLockManager] Lock acquired on daemon addresses registry.
2024-10-01T09:30:01.700+0300 [DEBUG] [org.gradle.cache.internal.DefaultFileLockManager] Releasing lock on daemon addresses registry.
2024-10-01T09:30:01.700+0300 [DEBUG] [org.gradle.cache.internal.DefaultFileLockManager] Waiting to acquire shared lock on daemon addresses registry.
2024-10-01T09:30:01.701+0300 [DEBUG] [org.gradle.cache.internal.DefaultFileLockManager] Lock acquired on daemon addresses registry.
2024-10-01T09:30:01.701+0300 [DEBUG] [org.gradle.cache.internal.DefaultFileLockManager] Releasing lock on daemon addresses registry.
2024-10-01T09:30:01.701+0300 [DEBUG] [org.gradle.cache.internal.DefaultFileLockManager] Waiting to acquire shared lock on daemon addresses registry.
2024-10-01T09:30:01.702+0300 [DEBUG] [org.gradle.cache.internal.DefaultFileLockManager] Lock acquired on daemon addresses registry.
2024-10-01T09:30:01.702+0300 [DEBUG] [org.gradle.cache.internal.DefaultFileLockManager] Releasing lock on daemon addresses registry.
2024-10-01T09:30:11.701+0300 [DEBUG] [org.gradle.cache.internal.DefaultFileLockManager] Waiting to acquire shared lock on daemon addresses registry.
2024-10-01T09:30:11.701+0300 [DEBUG] [org.gradle.cache.internal.DefaultFileLockManager] Lock acquired on daemon addresses registry.
2024-10-01T09:30:11.702+0300 [DEBUG] [org.gradle.cache.internal.DefaultFileLockManager] Releasing lock on daemon addresses registry.
2024-10-01T09:30:11.702+0300 [DEBUG] [org.gradle.cache.internal.DefaultFileLockManager] Waiting to acquire shared lock on daemon addresses registry.
2024-10-01T09:30:11.702+0300 [DEBUG] [org.gradle.cache.internal.DefaultFileLockManager] Lock acquired on daemon addresses registry.
2024-10-01T09:30:11.703+0300 [DEBUG] [org.gradle.cache.internal.DefaultFileLockManager] Releasing lock on daemon addresses registry.
2024-10-01T09:30:11.703+0300 [DEBUG] [org.gradle.cache.internal.DefaultFileLockManager] Waiting to acquire shared lock on daemon addresses registry.
2024-10-01T09:30:11.703+0300 [DEBUG] [org.gradle.cache.internal.DefaultFileLockManager] Lock acquired on daemon addresses registry.
2024-10-01T09:30:11.704+0300 [DEBUG] [org.gradle.cache.internal.DefaultFileLockManager] Releasing lock on daemon addresses registry.
2024-10-01T09:30:21.694+0300 [DEBUG] [org.gradle.cache.internal.DefaultFileLockManager] Waiting to acquire shared lock on daemon addresses registry.
2024-10-01T09:30:21.694+0300 [DEBUG] [org.gradle.cache.internal.DefaultFileLockManager] Lock acquired on daemon addresses registry.
2024-10-01T09:30:21.694+0300 [DEBUG] [org.gradle.cache.internal.DefaultFileLockManager] Releasing lock on daemon addresses registry.
2024-10-01T09:30:21.695+0300 [DEBUG] [org.gradle.cache.internal.DefaultFileLockManager] Waiting to acquire shared lock on daemon addresses registry.
2024-10-01T09:30:21.695+0300 [DEBUG] [org.gradle.cache.internal.DefaultFileLockManager] Lock acquired on daemon addresses registry.
2024-10-01T09:30:21.695+0300 [DEBUG] [org.gradle.cache.internal.DefaultFileLockManager] Releasing lock on daemon addresses registry.
2024-10-01T09:30:21.695+0300 [DEBUG] [org.gradle.cache.internal.DefaultFileLockManager] Waiting to acquire shared lock on daemon addresses registry.
2024-10-01T09:30:21.696+0300 [DEBUG] [org.gradle.cache.internal.DefaultFileLockManager] Lock acquired on daemon addresses registry.
2024-10-01T09:30:21.696+0300 [DEBUG] [org.gradle.cache.internal.DefaultFileLockManager] Releasing lock on daemon addresses registry.
2024-10-01T09:30:31.695+0300 [DEBUG] [org.gradle.cache.internal.DefaultFileLockManager] Waiting to acquire shared lock on daemon addresses registry.
2024-10-01T09:30:31.696+0300 [DEBUG] [org.gradle.cache.internal.DefaultFileLockManager] Lock acquired on daemon addresses registry.
2024-10-01T09:30:31.696+0300 [DEBUG] [org.gradle.cache.internal.DefaultFileLockManager] Releasing lock on daemon addresses registry.
2024-10-01T09:30:31.697+0300 [DEBUG] [org.gradle.cache.internal.DefaultFileLockManager] Waiting to acquire shared lock on daemon addresses registry.
2024-10-01T09:30:31.697+0300 [DEBUG] [org.gradle.cache.internal.DefaultFileLockManager] Lock acquired on daemon addresses registry.
2024-10-01T09:30:31.697+0300 [DEBUG] [org.gradle.cache.internal.DefaultFileLockManager] Releasing lock on daemon addresses registry.
2024-10-01T09:30:31.698+0300 [DEBUG] [org.gradle.cache.internal.DefaultFileLockManager] Waiting to acquire shared lock on daemon addresses registry.
2024-10-01T09:30:31.698+0300 [DEBUG] [org.gradle.cache.internal.DefaultFileLockManager] Lock acquired on daemon addresses registry.
2024-10-01T09:30:31.699+0300 [DEBUG] [org.gradle.cache.internal.DefaultFileLockManager] Releasing lock on daemon addresses registry.
2024-10-01T09:30:41.692+0300 [DEBUG] [org.gradle.cache.internal.DefaultFileLockManager] Waiting to acquire shared lock on daemon addresses registry.
2024-10-01T09:30:41.693+0300 [DEBUG] [org.gradle.cache.internal.DefaultFileLockManager] Lock acquired on daemon addresses registry.
2024-10-01T09:30:41.693+0300 [DEBUG] [org.gradle.cache.internal.DefaultFileLockManager] Releasing lock on daemon addresses registry.
2024-10-01T09:30:41.694+0300 [DEBUG] [org.gradle.cache.internal.DefaultFileLockManager] Waiting to acquire shared lock on daemon addresses registry.
2024-10-01T09:30:41.695+0300 [DEBUG] [org.gradle.cache.internal.DefaultFileLockManager] Lock acquired on daemon addresses registry.
2024-10-01T09:30:41.695+0300 [DEBUG] [org.gradle.cache.internal.DefaultFileLockManager] Releasing lock on daemon addresses registry.
2024-10-01T09:30:41.695+0300 [DEBUG] [org.gradle.cache.internal.DefaultFileLockManager] Waiting to acquire shared lock on daemon addresses registry.
2024-10-01T09:30:41.696+0300 [DEBUG] [org.gradle.cache.internal.DefaultFileLockManager] Lock acquired on daemon addresses registry.
2024-10-01T09:30:41.696+0300 [DEBUG] [org.gradle.cache.internal.DefaultFileLockManager] Releasing lock on daemon addresses registry.
2024-10-01T09:30:44.965+0300 [DEBUG] [org.gradle.internal.remote.internal.inet.TcpIncomingConnector] Accepted connection from /127.0.0.1:51382 to /127.0.0.1:51317.
2024-10-01T09:30:44.968+0300 [DEBUG] [org.gradle.launcher.daemon.server.SynchronizedDispatchConnection] thread 243: received class org.gradle.launcher.daemon.protocol.StopWhenIdle
2024-10-01T09:30:44.969+0300 [DEBUG] [org.gradle.launcher.daemon.server.DefaultDaemonConnection] thread 243: Received non-IO message from client: StopWhenIdle[id=b9473937-04b7-4af1-b7ec-3648fc7bfbe3]
2024-10-01T09:30:44.969+0300 [INFO] [org.gradle.launcher.daemon.server.DefaultIncomingConnectionHandler] Received command: StopWhenIdle[id=b9473937-04b7-4af1-b7ec-3648fc7bfbe3].
2024-10-01T09:30:44.969+0300 [DEBUG] [org.gradle.launcher.daemon.server.DefaultIncomingConnectionHandler] Starting executing command: StopWhenIdle[id=b9473937-04b7-4af1-b7ec-3648fc7bfbe3] with connection: socket connection from /127.0.0.1:51317 to /127.0.0.1:51382.
2024-10-01T09:30:44.969+0300 [DEBUG] [org.gradle.launcher.daemon.server.DaemonRegistryUpdater] Storing daemon stop event: stop command received
2024-10-01T09:30:44.969+0300 [DEBUG] [org.gradle.launcher.daemon.registry.PersistentDaemonRegistry] Storing daemon stop event with timestamp 1727764244970
2024-10-01T09:30:44.970+0300 [DEBUG] [org.gradle.cache.internal.DefaultFileLockManager] Waiting to acquire exclusive lock on daemon addresses registry.
2024-10-01T09:30:44.971+0300 [DEBUG] [org.gradle.cache.internal.DefaultFileLockManager] Lock acquired on daemon addresses registry.
2024-10-01T09:30:44.971+0300 [DEBUG] [org.gradle.cache.internal.DefaultFileLockManager] Releasing lock on daemon addresses registry.
2024-10-01T09:30:44.972+0300 [LIFECYCLE] [org.gradle.launcher.daemon.server.DaemonStateCoordinator] Daemon will be stopped at the end of the build stop command received
2024-10-01T09:30:44.972+0300 [DEBUG] [org.gradle.launcher.daemon.server.DaemonStateCoordinator] Marking daemon stopped due to stop command received. The daemon is running a build: false
2024-10-01T09:30:44.972+0300 [DEBUG] [org.gradle.launcher.daemon.server.DaemonStateCoordinator] daemon has stopped.
2024-10-01T09:30:44.972+0300 [DEBUG] [org.gradle.launcher.daemon.server.SynchronizedDispatchConnection] thread 242: dispatching Success[value=null]
2024-10-01T09:30:44.972+0300 [DEBUG] [org.gradle.launcher.daemon.server.Daemon] stop() called on daemon
2024-10-01T09:30:44.972+0300 [DEBUG] [org.gradle.launcher.daemon.server.DefaultIncomingConnectionHandler] Finishing executing command: StopWhenIdle[id=b9473937-04b7-4af1-b7ec-3648fc7bfbe3]
2024-10-01T09:30:44.973+0300 [DEBUG] [org.gradle.launcher.daemon.server.SynchronizedDispatchConnection] thread 243: received class org.gradle.launcher.daemon.protocol.Finished
2024-10-01T09:30:44.972+0300 [INFO] [org.gradle.launcher.daemon.server.Daemon] Stop requested. Daemon is removing its presence from the registry...
2024-10-01T09:30:44.973+0300 [DEBUG] [org.gradle.launcher.daemon.server.DefaultDaemonConnection] thread 243: Received non-IO message from client: org.gradle.launcher.daemon.protocol.Finished@7064b761
2024-10-01T09:30:44.973+0300 [DEBUG] [org.gradle.internal.remote.internal.inet.SocketConnection] Discarding EOFException: java.io.EOFException
2024-10-01T09:30:44.973+0300 [DEBUG] [org.gradle.launcher.daemon.server.DaemonRegistryUpdater] Removing our presence to clients, eg. removing this address from the registry: [8e771639-36d8-4979-8bee-a586182f69d9 port:51317, addresses:[localhost/127.0.0.1]]
2024-10-01T09:30:44.973+0300 [DEBUG] [org.gradle.launcher.daemon.server.DefaultIncomingConnectionHandler] Received finished message: org.gradle.launcher.daemon.protocol.Finished@7064b761
2024-10-01T09:30:44.973+0300 [DEBUG] [org.gradle.launcher.daemon.registry.PersistentDaemonRegistry] Removing daemon address: [8e771639-36d8-4979-8bee-a586182f69d9 port:51317, addresses:[localhost/127.0.0.1]]
2024-10-01T09:30:44.973+0300 [DEBUG] [org.gradle.launcher.daemon.server.SynchronizedDispatchConnection] thread 243: received null
2024-10-01T09:30:44.974+0300 [DEBUG] [org.gradle.launcher.daemon.server.SynchronizedDispatchConnection] thread 242: stopping connection
2024-10-01T09:30:44.974+0300 [DEBUG] [org.gradle.launcher.daemon.server.DefaultDaemonConnection] thread 243: Received end-of-input from client.
2024-10-01T09:30:44.974+0300 [DEBUG] [org.gradle.cache.internal.DefaultFileLockManager] Waiting to acquire exclusive lock on daemon addresses registry.
2024-10-01T09:30:44.974+0300 [DEBUG] [org.gradle.launcher.daemon.server.SynchronizedDispatchConnection] thread 242: stopping connection
2024-10-01T09:30:44.974+0300 [DEBUG] [org.gradle.cache.internal.DefaultFileLockManager] Lock acquired on daemon addresses registry.
2024-10-01T09:30:44.975+0300 [DEBUG] [org.gradle.cache.internal.DefaultFileLockManager] Releasing lock on daemon addresses registry.
2024-10-01T09:30:44.975+0300 [DEBUG] [org.gradle.launcher.daemon.server.DaemonRegistryUpdater] Address removed from registry.
2024-10-01T09:30:44.977+0300 [DEBUG] [org.gradle.cache.internal.LockOnDemandCrossProcessCacheAccess] Releasing file lock for jars (/Users/fareagle/My Staff/Fiverr/567/flutter_godot_widget-main-1/caches/jars-9)
2024-10-01T09:30:44.977+0300 [DEBUG] [org.gradle.cache.internal.DefaultFileLockManager] Releasing lock on jars (/Users/fareagle/My Staff/Fiverr/567/flutter_godot_widget-main-1/caches/jars-9).
2024-10-01T09:30:44.978+0300 [DEBUG] [org.gradle.cache.internal.DefaultPersistentDirectoryStore] jars (/Users/fareagle/My Staff/Fiverr/567/flutter_godot_widget-main-1/caches/jars-9) has last been fully cleaned up 0 hours ago
2024-10-01T09:30:44.978+0300 [DEBUG] [org.gradle.cache.internal.LockOnDemandCrossProcessCacheAccess] Releasing file lock for Artifact transforms cache (/Users/fareagle/My Staff/Fiverr/567/flutter_godot_widget-main-1/caches/transforms-3)
2024-10-01T09:30:44.978+0300 [DEBUG] [org.gradle.cache.internal.DefaultFileLockManager] Releasing lock on Artifact transforms cache (/Users/fareagle/My Staff/Fiverr/567/flutter_godot_widget-main-1/caches/transforms-3).
2024-10-01T09:30:44.978+0300 [DEBUG] [org.gradle.cache.internal.DefaultPersistentDirectoryStore] Artifact transforms cache (/Users/fareagle/My Staff/Fiverr/567/flutter_godot_widget-main-1/caches/transforms-3) has last been fully cleaned up 0 hours ago
2024-10-01T09:30:44.980+0300 [DEBUG] [org.gradle.cache.internal.LockOnDemandCrossProcessCacheAccess] Releasing file lock for file content cache (/Users/fareagle/My Staff/Fiverr/567/flutter_godot_widget-main-1/caches/7.5.1/fileContent)
2024-10-01T09:30:44.980+0300 [DEBUG] [org.gradle.cache.internal.DefaultFileLockManager] Releasing lock on file content cache (/Users/fareagle/My Staff/Fiverr/567/flutter_godot_widget-main-1/caches/7.5.1/fileContent).
2024-10-01T09:30:44.980+0300 [DEBUG] [org.gradle.internal.watch.vfs.impl.WatchingVirtualFileSystem] Closing VFS, dropping state
2024-10-01T09:30:44.981+0300 [DEBUG] [org.gradle.cache.internal.DefaultCacheAccess] Cache Generated Gradle JARs cache (/Users/fareagle/My Staff/Fiverr/567/flutter_godot_widget-main-1/caches/7.5.1/generated-gradle-jars) was closed 0 times.
2024-10-01T09:30:44.982+0300 [DEBUG] [org.gradle.internal.watch.registry.impl.DefaultFileWatcherRegistry] Finished listening to file system change events
2024-10-01T09:30:44.982+0300 [DEBUG] [org.gradle.cache.internal.LockOnDemandCrossProcessCacheAccess] Releasing file lock for artifact cache (/Users/fareagle/My Staff/Fiverr/567/flutter_godot_widget-main-1/caches/modules-2)
2024-10-01T09:30:44.982+0300 [DEBUG] [org.gradle.cache.internal.btree.BTreePersistentIndexedCache] Closing cache module-metadata.bin (/Users/fareagle/My Staff/Fiverr/567/flutter_godot_widget-main-1/caches/modules-2/metadata-2.99/module-metadata.bin)
2024-10-01T09:30:44.982+0300 [DEBUG] [org.gradle.cache.internal.btree.BTreePersistentIndexedCache] Closing cache module-artifact.bin (/Users/fareagle/My Staff/Fiverr/567/flutter_godot_widget-main-1/caches/modules-2/metadata-2.99/module-artifact.bin)
2024-10-01T09:30:44.982+0300 [DEBUG] [org.gradle.cache.internal.DefaultFileLockManager] Releasing lock on artifact cache (/Users/fareagle/My Staff/Fiverr/567/flutter_godot_widget-main-1/caches/modules-2).
2024-10-01T09:30:44.983+0300 [DEBUG] [org.gradle.cache.internal.DefaultPersistentDirectoryStore] artifact cache (/Users/fareagle/My Staff/Fiverr/567/flutter_godot_widget-main-1/caches/modules-2) has last been fully cleaned up 0 hours ago
2024-10-01T09:30:44.983+0300 [DEBUG] [org.gradle.cache.internal.LockOnDemandCrossProcessCacheAccess] Releasing file lock for journal cache (/Users/fareagle/My Staff/Fiverr/567/flutter_godot_widget-main-1/caches/journal-1)
2024-10-01T09:30:44.983+0300 [DEBUG] [org.gradle.cache.internal.btree.BTreePersistentIndexedCache] Closing cache file-access.bin (/Users/fareagle/My Staff/Fiverr/567/flutter_godot_widget-main-1/caches/journal-1/file-access.bin)
2024-10-01T09:30:44.983+0300 [DEBUG] [org.gradle.cache.internal.DefaultFileLockManager] Releasing lock on journal cache (/Users/fareagle/My Staff/Fiverr/567/flutter_godot_widget-main-1/caches/journal-1).
2024-10-01T09:30:44.984+0300 [DEBUG] [org.gradle.cache.internal.LockOnDemandCrossProcessCacheAccess] Releasing file lock for file hash cache (/Users/fareagle/My Staff/Fiverr/567/flutter_godot_widget-main-1/caches/7.5.1/fileHashes)
2024-10-01T09:30:44.984+0300 [DEBUG] [org.gradle.cache.internal.btree.BTreePersistentIndexedCache] Closing cache fileHashes.bin (/Users/fareagle/My Staff/Fiverr/567/flutter_godot_widget-main-1/caches/7.5.1/fileHashes/fileHashes.bin)
2024-10-01T09:30:44.984+0300 [DEBUG] [org.gradle.cache.internal.btree.BTreePersistentIndexedCache] Closing cache resourceHashesCache.bin (/Users/fareagle/My Staff/Fiverr/567/flutter_godot_widget-main-1/caches/7.5.1/fileHashes/resourceHashesCache.bin)
2024-10-01T09:30:44.984+0300 [DEBUG] [org.gradle.cache.internal.DefaultFileLockManager] Releasing lock on file hash cache (/Users/fareagle/My Staff/Fiverr/567/flutter_godot_widget-main-1/caches/7.5.1/fileHashes).
2024-10-01T09:30:44.985+0300 [DEBUG] [org.gradle.cache.internal.LockOnDemandCrossProcessCacheAccess] Releasing file lock for execution history cache (/Users/fareagle/My Staff/Fiverr/567/flutter_godot_widget-main-1/caches/7.5.1/executionHistory)
2024-10-01T09:30:44.985+0300 [DEBUG] [org.gradle.cache.internal.btree.BTreePersistentIndexedCache] Closing cache executionHistory.bin (/Users/fareagle/My Staff/Fiverr/567/flutter_godot_widget-main-1/caches/7.5.1/executionHistory/executionHistory.bin)
2024-10-01T09:30:44.985+0300 [DEBUG] [org.gradle.cache.internal.DefaultFileLockManager] Releasing lock on execution history cache (/Users/fareagle/My Staff/Fiverr/567/flutter_godot_widget-main-1/caches/7.5.1/executionHistory).
2024-10-01T09:30:44.986+0300 [Daemon vm is shutting down... The daemon has exited normally or was terminated in response to a user interrupt.
DEBUG] [org.gradle.launcher.daemon.registry.PersistentDaemonRegistry] Removing daemon address: [8e771639-36d8-4979-8bee-a586182f69d9 port:51317, addresses:[localhost/127.0.0.1]]
2024-10-01T09:30:44.986+0300 [DEBUG] [org.gradle.cache.internal.DefaultFileLockManager] Waiting to acquire exclusive lock on daemon addresses registry.
2024-10-01T09:30:44.987+0300 [DEBUG] [org.gradle.cache.internal.DefaultFileLockManager] Lock acquired on daemon addresses registry.
2024-10-01T09:30:44.987+0300 [DEBUG] [org.gradle.cache.internal.DefaultFileLockManager] Releasing lock on daemon addresses registry.
